<?xml version="1.0" encoding="UTF-8"?>
<!-- Generated by org.testng.reporters.JUnitXMLReporter -->
<testsuite ignored="0" hostname="DESKTOP-UE8HJ7G" failures="0" tests="3" name="Default test" time="39.685" errors="0" timestamp="2022-06-21T10:46:02 IST">
  <testcase classname="scriptexecutor.VerifyLandingPage" name="fourthscript" time="3.316"/>
  <testcase classname="scriptexecutor.VerifyLandingPage" name="fourthscript" time="3.155"/>
  <testcase classname="scriptexecutor.VerifyLandingPage" name="fourthscript" time="3.186"/>
</testsuite> <!-- Default test -->
