<?xml version="1.0" encoding="UTF-8"?>
<!-- Generated by org.testng.reporters.JUnitXMLReporter -->
<testsuite ignored="0" hostname="DESKTOP-UE8HJ7G" failures="0" tests="3" name="Test" time="75.579" errors="0" timestamp="2022-06-19T13:31:07 IST">
  <testcase classname="scriptexecutor.VerifyLandingPage" name="fourthscript" time="13.174"/>
  <testcase classname="scriptexecutor.VerifyLandingPage" name="fourthscript" time="12.936"/>
  <testcase classname="scriptexecutor.VerifyLandingPage" name="fourthscript" time="12.876"/>
</testsuite> <!-- Test -->
