<?xml version="1.0" encoding="UTF-8"?>
<testng-results ignored="0" total="3" passed="3" failed="0" skipped="0">
  <reporter-output>
  </reporter-output>
  <suite started-at="2022-06-21T10:45:23 IST" name="Default suite" finished-at="2022-06-21T10:46:02 IST" duration-ms="39685">
    <groups>
    </groups>
    <test started-at="2022-06-21T10:45:23 IST" name="Default test" finished-at="2022-06-21T10:46:02 IST" duration-ms="39685">
      <class name="scriptexecutor.VerifyLandingPage">
        <test-method is-config="true" signature="initlog()[pri:0, instance:scriptexecutor.VerifyLandingPage@2f953efd]" started-at="2022-06-21T10:45:23 IST" name="initlog" finished-at="2022-06-21T10:45:23 IST" duration-ms="15" status="PASS">
          <reporter-output>
          </reporter-output>
        </test-method> <!-- initlog -->
        <test-method is-config="true" signature="extentreportinit()[pri:0, instance:scriptexecutor.VerifyLandingPage@2f953efd]" started-at="2022-06-21T10:45:23 IST" name="extentreportinit" finished-at="2022-06-21T10:45:23 IST" duration-ms="191" status="PASS">
          <reporter-output>
          </reporter-output>
        </test-method> <!-- extentreportinit -->
        <test-method is-config="true" signature="testone()[pri:0, instance:scriptexecutor.VerifyLandingPage@2f953efd]" started-at="2022-06-21T10:45:23 IST" name="testone" finished-at="2022-06-21T10:45:33 IST" duration-ms="10090" status="PASS">
          <reporter-output>
          </reporter-output>
        </test-method> <!-- testone -->
        <test-method signature="fourthscript(java.lang.String,java.lang.String,java.lang.String)[pri:0, instance:scriptexecutor.VerifyLandingPage@2f953efd]" started-at="2022-06-21T10:45:33 IST" name="fourthscript" data-provider="samplesite" finished-at="2022-06-21T10:45:36 IST" duration-ms="3316" status="PASS">
          <params>
            <param index="0">
              <value>
                <![CDATA[Suga]]>
              </value>
            </param>
            <param index="1">
              <value>
                <![CDATA[Sugaone@gmail.com]]>
              </value>
            </param>
            <param index="2">
              <value>
                <![CDATA[its my first message]]>
              </value>
            </param>
          </params>
          <reporter-output>
          </reporter-output>
        </test-method> <!-- fourthscript -->
        <test-method is-config="true" signature="DriverClose()[pri:0, instance:scriptexecutor.VerifyLandingPage@2f953efd]" started-at="2022-06-21T10:45:36 IST" name="DriverClose" finished-at="2022-06-21T10:45:38 IST" duration-ms="1449" status="PASS">
          <reporter-output>
          </reporter-output>
        </test-method> <!-- DriverClose -->
        <test-method is-config="true" signature="testone()[pri:0, instance:scriptexecutor.VerifyLandingPage@2f953efd]" started-at="2022-06-21T10:45:38 IST" name="testone" finished-at="2022-06-21T10:45:46 IST" duration-ms="8324" status="PASS">
          <reporter-output>
          </reporter-output>
        </test-method> <!-- testone -->
        <test-method signature="fourthscript(java.lang.String,java.lang.String,java.lang.String)[pri:0, instance:scriptexecutor.VerifyLandingPage@2f953efd]" started-at="2022-06-21T10:45:46 IST" name="fourthscript" data-provider="samplesite" finished-at="2022-06-21T10:45:49 IST" duration-ms="3155" status="PASS">
          <params>
            <param index="0">
              <value>
                <![CDATA[Vega]]>
              </value>
            </param>
            <param index="1">
              <value>
                <![CDATA[Vega@gmail.com]]>
              </value>
            </param>
            <param index="2">
              <value>
                <![CDATA[its my 2nd message]]>
              </value>
            </param>
          </params>
          <reporter-output>
          </reporter-output>
        </test-method> <!-- fourthscript -->
        <test-method is-config="true" signature="DriverClose()[pri:0, instance:scriptexecutor.VerifyLandingPage@2f953efd]" started-at="2022-06-21T10:45:49 IST" name="DriverClose" finished-at="2022-06-21T10:45:51 IST" duration-ms="1207" status="PASS">
          <reporter-output>
          </reporter-output>
        </test-method> <!-- DriverClose -->
        <test-method is-config="true" signature="testone()[pri:0, instance:scriptexecutor.VerifyLandingPage@2f953efd]" started-at="2022-06-21T10:45:51 IST" name="testone" finished-at="2022-06-21T10:45:58 IST" duration-ms="7036" status="PASS">
          <reporter-output>
          </reporter-output>
        </test-method> <!-- testone -->
        <test-method signature="fourthscript(java.lang.String,java.lang.String,java.lang.String)[pri:0, instance:scriptexecutor.VerifyLandingPage@2f953efd]" started-at="2022-06-21T10:45:58 IST" name="fourthscript" data-provider="samplesite" finished-at="2022-06-21T10:46:01 IST" duration-ms="3186" status="PASS">
          <params>
            <param index="0">
              <value>
                <![CDATA[Mega]]>
              </value>
            </param>
            <param index="1">
              <value>
                <![CDATA[Mega@gmail.com]]>
              </value>
            </param>
            <param index="2">
              <value>
                <![CDATA[its my 2nd message]]>
              </value>
            </param>
          </params>
          <reporter-output>
          </reporter-output>
        </test-method> <!-- fourthscript -->
        <test-method is-config="true" signature="DriverClose()[pri:0, instance:scriptexecutor.VerifyLandingPage@2f953efd]" started-at="2022-06-21T10:46:01 IST" name="DriverClose" finished-at="2022-06-21T10:46:02 IST" duration-ms="1123" status="PASS">
          <reporter-output>
          </reporter-output>
        </test-method> <!-- DriverClose -->
        <test-method is-config="true" signature="endTest()[pri:0, instance:scriptexecutor.VerifyLandingPage@2f953efd]" started-at="2022-06-21T10:46:02 IST" name="endTest" finished-at="2022-06-21T10:46:02 IST" duration-ms="311" status="PASS">
          <reporter-output>
          </reporter-output>
        </test-method> <!-- endTest -->
      </class> <!-- scriptexecutor.VerifyLandingPage -->
    </test> <!-- Default test -->
  </suite> <!-- Default suite -->
</testng-results>
